2026-03-22 10:17:21,382 - hpo.Autoformer.crypto.BTCUSDT.h4 - INFO - Starting HPO: model=Autoformer, category=crypto, asset=BTCUSDT, horizon=4
2026-03-22 10:17:21,382 - hpo.Autoformer.crypto.BTCUSDT.h4 - INFO - Loading processed data from /Users/aming/project/python/compare_forecasting_models-main/data/processed/crypto/BTCUSDT/4
2026-03-22 10:18:39,995 - hpo.Autoformer.crypto.BTCUSDT.h4 - INFO - Starting HPO: model=Autoformer, category=crypto, asset=BTCUSDT, horizon=4
2026-03-22 10:18:39,996 - hpo.Autoformer.crypto.BTCUSDT.h4 - INFO - Loading processed data from /Users/aming/project/python/compare_forecasting_models-main/data/processed/crypto/BTCUSDT/4
2026-03-22 10:39:16,414 - hpo.Autoformer.crypto.BTCUSDT.h4 - INFO - Starting HPO: model=Autoformer, category=crypto, asset=BTCUSDT, horizon=4
2026-03-22 10:39:16,415 - hpo.Autoformer.crypto.BTCUSDT.h4 - INFO - Processed data missing at /Users/aming/project/python/compare_forecasting_models-main/data/processed/crypto/BTCUSDT/4. Building from raw file: /Users/aming/project/python/compare_forecasting_models-main/data/raw/BTCUSDT_H1.csv
2026-03-22 10:39:16,498 - hpo.Autoformer.crypto.BTCUSDT.h4 - INFO - Loading processed data from /Users/aming/project/python/compare_forecasting_models-main/data/processed/crypto/BTCUSDT/4
2026-03-22 10:39:23,548 - hpo.Autoformer.crypto.BTCUSDT.h4 - ERROR - Trial 0 failed: FFT operations are only supported on MacOS 14+
2026-03-22 10:39:24,914 - hpo.Autoformer.crypto.BTCUSDT.h4 - ERROR - Trial 1 failed: FFT operations are only supported on MacOS 14+
2026-03-22 10:39:26,207 - hpo.Autoformer.crypto.BTCUSDT.h4 - ERROR - Trial 2 failed: FFT operations are only supported on MacOS 14+
2026-03-22 10:39:27,712 - hpo.Autoformer.crypto.BTCUSDT.h4 - ERROR - Trial 3 failed: FFT operations are only supported on MacOS 14+
2026-03-22 10:39:28,986 - hpo.Autoformer.crypto.BTCUSDT.h4 - ERROR - Trial 4 failed: FFT operations are only supported on MacOS 14+
2026-03-22 10:39:28,987 - hpo.Autoformer.crypto.BTCUSDT.h4 - INFO - Best trial: 0, value: inf
2026-03-22 10:39:28,987 - hpo.Autoformer.crypto.BTCUSDT.h4 - INFO - Best params: {'moving_avg': 9, 'd_model': 128, 'n_heads': 4, 'e_layers': 1, 'd_layers': 2, 'd_ff': 128, 'factor': 3, 'dropout': 0.2, 'activation': 'gelu', 'embed': 'timeF', 'learning_rate': 0.0008152843673110737, 'batch_size': 128}
2026-03-22 10:39:28,991 - hpo.Autoformer.crypto.BTCUSDT.h4 - INFO - HPO complete. Results saved to /Users/aming/project/python/compare_forecasting_models-main/models/hpo/Autoformer/crypto/BTCUSDT/4
2026-03-22 11:27:37,624 - hpo.Autoformer.crypto.BTCUSDT.h4 - INFO - Starting HPO: model=Autoformer, category=crypto, asset=BTCUSDT, horizon=4
2026-03-22 11:27:37,624 - hpo.Autoformer.crypto.BTCUSDT.h4 - INFO - Loading processed data from /Users/aming/project/python/compare_forecasting_models-main/data/processed/crypto/BTCUSDT/4
2026-03-22 11:28:56,353 - hpo.Autoformer.crypto.BTCUSDT.h4 - INFO - Starting HPO: model=Autoformer, category=crypto, asset=BTCUSDT, horizon=4
2026-03-22 11:28:56,353 - hpo.Autoformer.crypto.BTCUSDT.h4 - INFO - Loading processed data from /Users/aming/project/python/compare_forecasting_models-main/data/processed/crypto/BTCUSDT/4
2026-03-22 11:36:50,850 - hpo.Autoformer.crypto.BTCUSDT.h4 - INFO - Starting HPO: model=Autoformer, category=crypto, asset=BTCUSDT, horizon=4
2026-03-22 11:36:50,850 - hpo.Autoformer.crypto.BTCUSDT.h4 - INFO - Loading processed data from /Users/aming/project/python/compare_forecasting_models-main/data/processed/crypto/BTCUSDT/4
2026-03-22 11:36:50,868 - hpo.Autoformer.crypto.BTCUSDT.h4 - INFO - HPO already complete: 5/5 trials finished
