2026-03-22 10:17:21,383 - hpo.Autoformer.forex.EURUSD.h4 - INFO - Starting HPO: model=Autoformer, category=forex, asset=EURUSD, horizon=4
2026-03-22 10:17:21,383 - hpo.Autoformer.forex.EURUSD.h4 - INFO - Loading processed data from /Users/aming/project/python/compare_forecasting_models-main/data/processed/forex/EURUSD/4
2026-03-22 10:18:39,997 - hpo.Autoformer.forex.EURUSD.h4 - INFO - Starting HPO: model=Autoformer, category=forex, asset=EURUSD, horizon=4
2026-03-22 10:18:39,997 - hpo.Autoformer.forex.EURUSD.h4 - INFO - Loading processed data from /Users/aming/project/python/compare_forecasting_models-main/data/processed/forex/EURUSD/4
2026-03-22 10:39:35,832 - hpo.Autoformer.forex.EURUSD.h4 - INFO - Starting HPO: model=Autoformer, category=forex, asset=EURUSD, horizon=4
2026-03-22 10:39:35,833 - hpo.Autoformer.forex.EURUSD.h4 - INFO - Processed data missing at /Users/aming/project/python/compare_forecasting_models-main/data/processed/forex/EURUSD/4. Building from raw file: /Users/aming/project/python/compare_forecasting_models-main/data/raw/EURUSD_H1.csv
2026-03-22 10:39:35,932 - hpo.Autoformer.forex.EURUSD.h4 - INFO - Loading processed data from /Users/aming/project/python/compare_forecasting_models-main/data/processed/forex/EURUSD/4
2026-03-22 10:39:37,232 - hpo.Autoformer.forex.EURUSD.h4 - ERROR - Trial 0 failed: FFT operations are only supported on MacOS 14+
2026-03-22 10:39:38,628 - hpo.Autoformer.forex.EURUSD.h4 - ERROR - Trial 1 failed: FFT operations are only supported on MacOS 14+
2026-03-22 10:39:39,925 - hpo.Autoformer.forex.EURUSD.h4 - ERROR - Trial 2 failed: FFT operations are only supported on MacOS 14+
2026-03-22 10:39:41,251 - hpo.Autoformer.forex.EURUSD.h4 - ERROR - Trial 3 failed: FFT operations are only supported on MacOS 14+
2026-03-22 10:39:42,526 - hpo.Autoformer.forex.EURUSD.h4 - ERROR - Trial 4 failed: FFT operations are only supported on MacOS 14+
2026-03-22 10:39:42,527 - hpo.Autoformer.forex.EURUSD.h4 - INFO - Best trial: 0, value: inf
2026-03-22 10:39:42,527 - hpo.Autoformer.forex.EURUSD.h4 - INFO - Best params: {'moving_avg': 9, 'd_model': 128, 'n_heads': 4, 'e_layers': 1, 'd_layers': 2, 'd_ff': 128, 'factor': 3, 'dropout': 0.2, 'activation': 'gelu', 'embed': 'timeF', 'learning_rate': 0.0008152843673110737, 'batch_size': 128}
2026-03-22 10:39:42,529 - hpo.Autoformer.forex.EURUSD.h4 - INFO - HPO complete. Results saved to /Users/aming/project/python/compare_forecasting_models-main/models/hpo/Autoformer/forex/EURUSD/4
2026-03-22 11:27:37,625 - hpo.Autoformer.forex.EURUSD.h4 - INFO - Starting HPO: model=Autoformer, category=forex, asset=EURUSD, horizon=4
2026-03-22 11:27:37,625 - hpo.Autoformer.forex.EURUSD.h4 - INFO - Loading processed data from /Users/aming/project/python/compare_forecasting_models-main/data/processed/forex/EURUSD/4
2026-03-22 11:28:56,354 - hpo.Autoformer.forex.EURUSD.h4 - INFO - Starting HPO: model=Autoformer, category=forex, asset=EURUSD, horizon=4
2026-03-22 11:28:56,354 - hpo.Autoformer.forex.EURUSD.h4 - INFO - Loading processed data from /Users/aming/project/python/compare_forecasting_models-main/data/processed/forex/EURUSD/4
2026-03-22 11:36:50,901 - hpo.Autoformer.forex.EURUSD.h4 - INFO - Starting HPO: model=Autoformer, category=forex, asset=EURUSD, horizon=4
2026-03-22 11:36:50,902 - hpo.Autoformer.forex.EURUSD.h4 - INFO - Loading processed data from /Users/aming/project/python/compare_forecasting_models-main/data/processed/forex/EURUSD/4
2026-03-22 11:36:50,915 - hpo.Autoformer.forex.EURUSD.h4 - INFO - HPO already complete: 5/5 trials finished
